<?xml version="1.0" encoding="UTF-8"?>
<!-- Generated by org.testng.reporters.JUnitXMLReporter -->
<testsuite hostname="RahulU" ignored="0" name="Test" tests="3" failures="2" timestamp="07 May 2021 09:44:30 GMT" time="4.523" errors="0">
  <testcase name="@AfterMethod tearDown" time="0.001" classname="com.appium.test.CheckOutAmountCheck">
    <failure type="java.lang.NullPointerException">
      <![CDATA[java.lang.NullPointerException
at com.appium.base.TestBase.endServer(TestBase.java:41)
at com.appium.test.CheckOutAmountCheck.tearDown(CheckOutAmountCheck.java:92)
... Removed 31 stack frames]]>
    </failure>
  </testcase> <!-- @AfterMethod tearDown -->
  <testcase name="@AfterMethod tearDown" time="0.0" classname="com.appium.test.DependantObjects">
    <failure type="java.lang.NullPointerException">
      <![CDATA[java.lang.NullPointerException
at com.appium.base.TestBase.endServer(TestBase.java:41)
at com.appium.test.DependantObjects.tearDown(DependantObjects.java:45)
... Removed 31 stack frames]]>
    </failure>
  </testcase> <!-- @AfterMethod tearDown -->
  <testcase name="@AfterMethod tearDown" time="0.0" classname="com.appium.test.DependantObjects">
    <skipped/>
  </testcase> <!-- @AfterMethod tearDown -->
  <testcase name="amountCheck" time="0.667" classname="com.appium.test.CheckOutAmountCheck">
    <failure type="io.appium.java_client.service.local.InvalidServerInstanceException" message="Invalid server instance exception has occured: There is no installed nodes! Please install node via NPM (https://www.npmjs.com/package/appium#using-node-js) or download and install Appium app (http://appium.io/downloads.html)">
      <![CDATA[io.appium.java_client.service.local.InvalidServerInstanceException: Invalid server instance exception has occured: There is no installed nodes! Please install node via NPM (https://www.npmjs.com/package/appium#using-node-js) or download and install Appium app (http://appium.io/downloads.html)
at io.appium.java_client.service.local.AppiumServiceBuilder.findNodeInCurrentFileSystem(AppiumServiceBuilder.java:156)
at io.appium.java_client.service.local.AppiumServiceBuilder.checkAppiumJS(AppiumServiceBuilder.java:317)
at io.appium.java_client.service.local.AppiumServiceBuilder.createArgs(AppiumServiceBuilder.java:397)
at org.openqa.selenium.remote.service.DriverService$Builder.build(DriverService.java:342)
at io.appium.java_client.service.local.AppiumDriverLocalService.buildService(AppiumDriverLocalService.java:76)
at com.appium.base.TestBase.startServer(TestBase.java:35)
at com.appium.test.CheckOutAmountCheck.amountCheck(CheckOutAmountCheck.java:43)
Caused by: java.io.IOException: /var/folders/36/jg7zskbj16d5_llxy4j857mm0000gn/T/get_path_to_default_node6241434222211015960.sh: line 2: npm: command not found



at io.appium.java_client.service.local.AppiumServiceBuilder.findNodeInCurrentFileSystem(AppiumServiceBuilder.java:157)
... 34 more
... Removed 28 stack frames]]>
    </failure>
  </testcase> <!-- amountCheck -->
  <testcase name="dependantObj" time="0.22" classname="com.appium.test.DependantObjects">
    <failure type="io.appium.java_client.service.local.InvalidServerInstanceException" message="Invalid server instance exception has occured: There is no installed nodes! Please install node via NPM (https://www.npmjs.com/package/appium#using-node-js) or download and install Appium app (http://appium.io/downloads.html)">
      <![CDATA[io.appium.java_client.service.local.InvalidServerInstanceException: Invalid server instance exception has occured: There is no installed nodes! Please install node via NPM (https://www.npmjs.com/package/appium#using-node-js) or download and install Appium app (http://appium.io/downloads.html)
at io.appium.java_client.service.local.AppiumServiceBuilder.findNodeInCurrentFileSystem(AppiumServiceBuilder.java:156)
at io.appium.java_client.service.local.AppiumServiceBuilder.checkAppiumJS(AppiumServiceBuilder.java:317)
at io.appium.java_client.service.local.AppiumServiceBuilder.createArgs(AppiumServiceBuilder.java:397)
at org.openqa.selenium.remote.service.DriverService$Builder.build(DriverService.java:342)
at io.appium.java_client.service.local.AppiumDriverLocalService.buildService(AppiumDriverLocalService.java:76)
at com.appium.base.TestBase.startServer(TestBase.java:35)
at com.appium.test.DependantObjects.dependantObj(DependantObjects.java:21)
Caused by: java.io.IOException: /var/folders/36/jg7zskbj16d5_llxy4j857mm0000gn/T/get_path_to_default_node4760532237433695202.sh: line 2: npm: command not found



at io.appium.java_client.service.local.AppiumServiceBuilder.findNodeInCurrentFileSystem(AppiumServiceBuilder.java:157)
... 34 more
... Removed 28 stack frames]]>
    </failure>
  </testcase> <!-- dependantObj -->
  <testcase name="dependantObj" time="0.0" classname="com.appium.test.DependantObjects">
    <skipped/>
  </testcase> <!-- dependantObj -->
</testsuite> <!-- Test -->
